2025-08-18 03:01:39,045 - TRUMPUSDT - INFO - [36mStarting analysis for TRUMPUSDT with interval 5[0m
2025-08-18 03:01:39,357 - TRUMPUSDT - ERROR - [91mAPI request failed with status code: 403[0m
2025-08-18 03:01:39,358 - TRUMPUSDT - ERROR - [91mResponse text: <!DOCTYPE HTML PUBLIC "-//W3C//DTD HTML 4.01 Transitional//EN" "http://www.w3.org/TR/html4/loose.dtd">
<HTML><HEAD><META HTTP-EQUIV="Content-Type" CONTENT="text/html; charset=iso-8859-1">
<TITLE>ERROR: The request could not be satisfied</TITLE>
</HEAD><BODY>
<H1>403 ERROR</H1>
<H2>The request could not be satisfied.</H2>
<HR noshade size="1px">
The Amazon CloudFront distribution is configured to block access from your country.
We can't connect to the server for this app or website at this time. There might be too much traffic or a configuration error. Try again later, or contact the app or website owner.
<BR clear="all">
If you provide content to customers through CloudFront, you can find steps to troubleshoot and help prevent this error by reviewing the CloudFront documentation.
<BR clear="all">
<HR noshade size="1px">
<PRE>
Generated by cloudfront (CloudFront)
Request ID: FaivSCeinO65bCRYAL2layWMibs8e8kITvHiQgwG6gvuN71Cl6ZdWg==
</PRE>
<ADDRESS>
</ADDRESS>
</BODY></HTML>[0m
2025-08-18 03:01:39,360 - TRUMPUSDT - ERROR - [91mCould not fetch current price for TRUMPUSDT. Response: None[0m
2025-08-18 03:01:39,360 - TRUMPUSDT - ERROR - [91mFailed to fetch current price for TRUMPUSDT. Skipping cycle.[0m
2025-08-18 03:01:44,782 - TRUMPUSDT - ERROR - [91mAPI request failed with status code: 403[0m
2025-08-18 03:01:44,782 - TRUMPUSDT - ERROR - [91mResponse text: <!DOCTYPE HTML PUBLIC "-//W3C//DTD HTML 4.01 Transitional//EN" "http://www.w3.org/TR/html4/loose.dtd">
<HTML><HEAD><META HTTP-EQUIV="Content-Type" CONTENT="text/html; charset=iso-8859-1">
<TITLE>ERROR: The request could not be satisfied</TITLE>
</HEAD><BODY>
<H1>403 ERROR</H1>
<H2>The request could not be satisfied.</H2>
<HR noshade size="1px">
The Amazon CloudFront distribution is configured to block access from your country.
We can't connect to the server for this app or website at this time. There might be too much traffic or a configuration error. Try again later, or contact the app or website owner.
<BR clear="all">
If you provide content to customers through CloudFront, you can find steps to troubleshoot and help prevent this error by reviewing the CloudFront documentation.
<BR clear="all">
<HR noshade size="1px">
<PRE>
Generated by cloudfront (CloudFront)
Request ID: GJmNi2f3teNw0iFUxWvB_QgqEC2YnUtsIymJkzsFIkxHD2QeX5u-aQ==
</PRE>
<ADDRESS>
</ADDRESS>
</BODY></HTML>[0m
2025-08-18 03:01:44,784 - TRUMPUSDT - ERROR - [91mCould not fetch current price for TRUMPUSDT. Response: None[0m
2025-08-18 03:01:44,785 - TRUMPUSDT - ERROR - [91mFailed to fetch current price for TRUMPUSDT. Skipping cycle.[0m
2025-08-18 03:01:49,912 - TRUMPUSDT - ERROR - [91mAPI request failed with status code: 403[0m
2025-08-18 03:01:49,912 - TRUMPUSDT - ERROR - [91mResponse text: <!DOCTYPE HTML PUBLIC "-//W3C//DTD HTML 4.01 Transitional//EN" "http://www.w3.org/TR/html4/loose.dtd">
<HTML><HEAD><META HTTP-EQUIV="Content-Type" CONTENT="text/html; charset=iso-8859-1">
<TITLE>ERROR: The request could not be satisfied</TITLE>
</HEAD><BODY>
<H1>403 ERROR</H1>
<H2>The request could not be satisfied.</H2>
<HR noshade size="1px">
The Amazon CloudFront distribution is configured to block access from your country.
We can't connect to the server for this app or website at this time. There might be too much traffic or a configuration error. Try again later, or contact the app or website owner.
<BR clear="all">
If you provide content to customers through CloudFront, you can find steps to troubleshoot and help prevent this error by reviewing the CloudFront documentation.
<BR clear="all">
<HR noshade size="1px">
<PRE>
Generated by cloudfront (CloudFront)
Request ID: ocuqV_cpxOofulnxqLGCF9-IrPAOb9e2Gd9Km3Xjc2U4fTG3yVaTow==
</PRE>
<ADDRESS>
</ADDRESS>
</BODY></HTML>[0m
2025-08-18 03:01:49,914 - TRUMPUSDT - ERROR - [91mCould not fetch current price for TRUMPUSDT. Response: None[0m
2025-08-18 03:01:49,914 - TRUMPUSDT - ERROR - [91mFailed to fetch current price for TRUMPUSDT. Skipping cycle.[0m
2025-08-18 03:01:55,067 - TRUMPUSDT - ERROR - [91mAPI request failed with status code: 403[0m
2025-08-18 03:01:55,068 - TRUMPUSDT - ERROR - [91mResponse text: <!DOCTYPE HTML PUBLIC "-//W3C//DTD HTML 4.01 Transitional//EN" "http://www.w3.org/TR/html4/loose.dtd">
<HTML><HEAD><META HTTP-EQUIV="Content-Type" CONTENT="text/html; charset=iso-8859-1">
<TITLE>ERROR: The request could not be satisfied</TITLE>
</HEAD><BODY>
<H1>403 ERROR</H1>
<H2>The request could not be satisfied.</H2>
<HR noshade size="1px">
The Amazon CloudFront distribution is configured to block access from your country.
We can't connect to the server for this app or website at this time. There might be too much traffic or a configuration error. Try again later, or contact the app or website owner.
<BR clear="all">
If you provide content to customers through CloudFront, you can find steps to troubleshoot and help prevent this error by reviewing the CloudFront documentation.
<BR clear="all">
<HR noshade size="1px">
<PRE>
Generated by cloudfront (CloudFront)
Request ID: DX9ooNrhmzicsG6704RQjqvhe-4lrZVKlO3ez1cVjBZ1CNwG4M0bHA==
</PRE>
<ADDRESS>
</ADDRESS>
</BODY></HTML>[0m
2025-08-18 03:01:55,069 - TRUMPUSDT - ERROR - [91mCould not fetch current price for TRUMPUSDT. Response: None[0m
2025-08-18 03:01:55,069 - TRUMPUSDT - ERROR - [91mFailed to fetch current price for TRUMPUSDT. Skipping cycle.[0m
2025-08-18 03:02:00,233 - TRUMPUSDT - ERROR - [91mAPI request failed with status code: 403[0m
2025-08-18 03:02:00,234 - TRUMPUSDT - ERROR - [91mResponse text: <!DOCTYPE HTML PUBLIC "-//W3C//DTD HTML 4.01 Transitional//EN" "http://www.w3.org/TR/html4/loose.dtd">
<HTML><HEAD><META HTTP-EQUIV="Content-Type" CONTENT="text/html; charset=iso-8859-1">
<TITLE>ERROR: The request could not be satisfied</TITLE>
</HEAD><BODY>
<H1>403 ERROR</H1>
<H2>The request could not be satisfied.</H2>
<HR noshade size="1px">
The Amazon CloudFront distribution is configured to block access from your country.
We can't connect to the server for this app or website at this time. There might be too much traffic or a configuration error. Try again later, or contact the app or website owner.
<BR clear="all">
If you provide content to customers through CloudFront, you can find steps to troubleshoot and help prevent this error by reviewing the CloudFront documentation.
<BR clear="all">
<HR noshade size="1px">
<PRE>
Generated by cloudfront (CloudFront)
Request ID: PwJ7bq8wPuZofcC7xlWxL8hyrRVaNbjZEC38ICpFHn0MMVsEE32seQ==
</PRE>
<ADDRESS>
</ADDRESS>
</BODY></HTML>[0m
2025-08-18 03:02:00,236 - TRUMPUSDT - ERROR - [91mCould not fetch current price for TRUMPUSDT. Response: None[0m
2025-08-18 03:02:00,237 - TRUMPUSDT - ERROR - [91mFailed to fetch current price for TRUMPUSDT. Skipping cycle.[0m
2025-08-18 03:02:08,050 - TRUMPUSDT - ERROR - [91mAn unexpected error occurred: 'TradingAnalyzer' object has no attribute 'atr_value'. Retrying in 5 seconds...[0m
Traceback (most recent call last):
  File "/data/data/com.termux/files/home/Algobots/12/whalebot.py", line 1268, in main
    analyzer = TradingAnalyzer(df, CONFIG, symbol_logger, symbol, interval)
               ^^^^^^^^^^^^^^^^^^^^^^^^^^^^^^^^^^^^^^^^^^^^^^^^^^^^^^^^^^^^
  File "/data/data/com.termux/files/home/Algobots/12/whalebot.py", line 316, in __init__
    self.user_defined_weights = self._select_weight_set() # Dynamically selected weights
                                ^^^^^^^^^^^^^^^^^^^^^^^^^
  File "/data/data/com.termux/files/home/Algobots/12/whalebot.py", line 343, in _select_weight_set
    if self.atr_value > self.config["atr_change_threshold"]:
       ^^^^^^^^^^^^^^
AttributeError: 'TradingAnalyzer' object has no attribute 'atr_value'
2025-08-18 03:02:14,598 - TRUMPUSDT - ERROR - [91mAn unexpected error occurred: 'TradingAnalyzer' object has no attribute 'atr_value'. Retrying in 5 seconds...[0m
Traceback (most recent call last):
  File "/data/data/com.termux/files/home/Algobots/12/whalebot.py", line 1268, in main
    analyzer = TradingAnalyzer(df, CONFIG, symbol_logger, symbol, interval)
               ^^^^^^^^^^^^^^^^^^^^^^^^^^^^^^^^^^^^^^^^^^^^^^^^^^^^^^^^^^^^
  File "/data/data/com.termux/files/home/Algobots/12/whalebot.py", line 316, in __init__
    self.user_defined_weights = self._select_weight_set() # Dynamically selected weights
                                ^^^^^^^^^^^^^^^^^^^^^^^^^
  File "/data/data/com.termux/files/home/Algobots/12/whalebot.py", line 343, in _select_weight_set
    if self.atr_value > self.config["atr_change_threshold"]:
       ^^^^^^^^^^^^^^
AttributeError: 'TradingAnalyzer' object has no attribute 'atr_value'
2025-08-18 03:02:22,080 - TRUMPUSDT - ERROR - [91mAn unexpected error occurred: 'TradingAnalyzer' object has no attribute 'atr_value'. Retrying in 5 seconds...[0m
Traceback (most recent call last):
  File "/data/data/com.termux/files/home/Algobots/12/whalebot.py", line 1268, in main
    analyzer = TradingAnalyzer(df, CONFIG, symbol_logger, symbol, interval)
               ^^^^^^^^^^^^^^^^^^^^^^^^^^^^^^^^^^^^^^^^^^^^^^^^^^^^^^^^^^^^
  File "/data/data/com.termux/files/home/Algobots/12/whalebot.py", line 316, in __init__
    self.user_defined_weights = self._select_weight_set() # Dynamically selected weights
                                ^^^^^^^^^^^^^^^^^^^^^^^^^
  File "/data/data/com.termux/files/home/Algobots/12/whalebot.py", line 343, in _select_weight_set
    if self.atr_value > self.config["atr_change_threshold"]:
       ^^^^^^^^^^^^^^
AttributeError: 'TradingAnalyzer' object has no attribute 'atr_value'
2025-08-18 03:02:28,700 - TRUMPUSDT - ERROR - [91mAn unexpected error occurred: 'TradingAnalyzer' object has no attribute 'atr_value'. Retrying in 5 seconds...[0m
Traceback (most recent call last):
  File "/data/data/com.termux/files/home/Algobots/12/whalebot.py", line 1268, in main
    analyzer = TradingAnalyzer(df, CONFIG, symbol_logger, symbol, interval)
               ^^^^^^^^^^^^^^^^^^^^^^^^^^^^^^^^^^^^^^^^^^^^^^^^^^^^^^^^^^^^
  File "/data/data/com.termux/files/home/Algobots/12/whalebot.py", line 316, in __init__
    self.user_defined_weights = self._select_weight_set() # Dynamically selected weights
                                ^^^^^^^^^^^^^^^^^^^^^^^^^
  File "/data/data/com.termux/files/home/Algobots/12/whalebot.py", line 343, in _select_weight_set
    if self.atr_value > self.config["atr_change_threshold"]:
       ^^^^^^^^^^^^^^
AttributeError: 'TradingAnalyzer' object has no attribute 'atr_value'
2025-08-18 03:02:36,175 - TRUMPUSDT - ERROR - [91mAn unexpected error occurred: 'TradingAnalyzer' object has no attribute 'atr_value'. Retrying in 5 seconds...[0m
Traceback (most recent call last):
  File "/data/data/com.termux/files/home/Algobots/12/whalebot.py", line 1268, in main
    analyzer = TradingAnalyzer(df, CONFIG, symbol_logger, symbol, interval)
               ^^^^^^^^^^^^^^^^^^^^^^^^^^^^^^^^^^^^^^^^^^^^^^^^^^^^^^^^^^^^
  File "/data/data/com.termux/files/home/Algobots/12/whalebot.py", line 316, in __init__
    self.user_defined_weights = self._select_weight_set() # Dynamically selected weights
                                ^^^^^^^^^^^^^^^^^^^^^^^^^
  File "/data/data/com.termux/files/home/Algobots/12/whalebot.py", line 343, in _select_weight_set
    if self.atr_value > self.config["atr_change_threshold"]:
       ^^^^^^^^^^^^^^
AttributeError: 'TradingAnalyzer' object has no attribute 'atr_value'
2025-08-18 03:02:42,821 - TRUMPUSDT - ERROR - [91mAn unexpected error occurred: 'TradingAnalyzer' object has no attribute 'atr_value'. Retrying in 5 seconds...[0m
Traceback (most recent call last):
  File "/data/data/com.termux/files/home/Algobots/12/whalebot.py", line 1268, in main
    analyzer = TradingAnalyzer(df, CONFIG, symbol_logger, symbol, interval)
               ^^^^^^^^^^^^^^^^^^^^^^^^^^^^^^^^^^^^^^^^^^^^^^^^^^^^^^^^^^^^
  File "/data/data/com.termux/files/home/Algobots/12/whalebot.py", line 316, in __init__
    self.user_defined_weights = self._select_weight_set() # Dynamically selected weights
                                ^^^^^^^^^^^^^^^^^^^^^^^^^
  File "/data/data/com.termux/files/home/Algobots/12/whalebot.py", line 343, in _select_weight_set
    if self.atr_value > self.config["atr_change_threshold"]:
       ^^^^^^^^^^^^^^
AttributeError: 'TradingAnalyzer' object has no attribute 'atr_value'
2025-08-18 03:02:50,366 - TRUMPUSDT - ERROR - [91mAn unexpected error occurred: 'TradingAnalyzer' object has no attribute 'atr_value'. Retrying in 5 seconds...[0m
Traceback (most recent call last):
  File "/data/data/com.termux/files/home/Algobots/12/whalebot.py", line 1268, in main
    analyzer = TradingAnalyzer(df, CONFIG, symbol_logger, symbol, interval)
               ^^^^^^^^^^^^^^^^^^^^^^^^^^^^^^^^^^^^^^^^^^^^^^^^^^^^^^^^^^^^
  File "/data/data/com.termux/files/home/Algobots/12/whalebot.py", line 316, in __init__
    self.user_defined_weights = self._select_weight_set() # Dynamically selected weights
                                ^^^^^^^^^^^^^^^^^^^^^^^^^
  File "/data/data/com.termux/files/home/Algobots/12/whalebot.py", line 343, in _select_weight_set
    if self.atr_value > self.config["atr_change_threshold"]:
       ^^^^^^^^^^^^^^
AttributeError: 'TradingAnalyzer' object has no attribute 'atr_value'
2025-08-18 03:02:57,333 - TRUMPUSDT - ERROR - [91mAn unexpected error occurred: 'TradingAnalyzer' object has no attribute 'atr_value'. Retrying in 5 seconds...[0m
Traceback (most recent call last):
  File "/data/data/com.termux/files/home/Algobots/12/whalebot.py", line 1268, in main
    analyzer = TradingAnalyzer(df, CONFIG, symbol_logger, symbol, interval)
               ^^^^^^^^^^^^^^^^^^^^^^^^^^^^^^^^^^^^^^^^^^^^^^^^^^^^^^^^^^^^
  File "/data/data/com.termux/files/home/Algobots/12/whalebot.py", line 316, in __init__
    self.user_defined_weights = self._select_weight_set() # Dynamically selected weights
                                ^^^^^^^^^^^^^^^^^^^^^^^^^
  File "/data/data/com.termux/files/home/Algobots/12/whalebot.py", line 343, in _select_weight_set
    if self.atr_value > self.config["atr_change_threshold"]:
       ^^^^^^^^^^^^^^
AttributeError: 'TradingAnalyzer' object has no attribute 'atr_value'
2025-08-18 03:03:04,792 - TRUMPUSDT - ERROR - [91mAn unexpected error occurred: 'TradingAnalyzer' object has no attribute 'atr_value'. Retrying in 5 seconds...[0m
Traceback (most recent call last):
  File "/data/data/com.termux/files/home/Algobots/12/whalebot.py", line 1268, in main
    analyzer = TradingAnalyzer(df, CONFIG, symbol_logger, symbol, interval)
               ^^^^^^^^^^^^^^^^^^^^^^^^^^^^^^^^^^^^^^^^^^^^^^^^^^^^^^^^^^^^
  File "/data/data/com.termux/files/home/Algobots/12/whalebot.py", line 316, in __init__
    self.user_defined_weights = self._select_weight_set() # Dynamically selected weights
                                ^^^^^^^^^^^^^^^^^^^^^^^^^
  File "/data/data/com.termux/files/home/Algobots/12/whalebot.py", line 343, in _select_weight_set
    if self.atr_value > self.config["atr_change_threshold"]:
       ^^^^^^^^^^^^^^
AttributeError: 'TradingAnalyzer' object has no attribute 'atr_value'
2025-08-18 03:03:11,519 - TRUMPUSDT - ERROR - [91mAn unexpected error occurred: 'TradingAnalyzer' object has no attribute 'atr_value'. Retrying in 5 seconds...[0m
Traceback (most recent call last):
  File "/data/data/com.termux/files/home/Algobots/12/whalebot.py", line 1268, in main
    analyzer = TradingAnalyzer(df, CONFIG, symbol_logger, symbol, interval)
               ^^^^^^^^^^^^^^^^^^^^^^^^^^^^^^^^^^^^^^^^^^^^^^^^^^^^^^^^^^^^
  File "/data/data/com.termux/files/home/Algobots/12/whalebot.py", line 316, in __init__
    self.user_defined_weights = self._select_weight_set() # Dynamically selected weights
                                ^^^^^^^^^^^^^^^^^^^^^^^^^
  File "/data/data/com.termux/files/home/Algobots/12/whalebot.py", line 343, in _select_weight_set
    if self.atr_value > self.config["atr_change_threshold"]:
       ^^^^^^^^^^^^^^
AttributeError: 'TradingAnalyzer' object has no attribute 'atr_value'
2025-08-18 03:03:18,810 - TRUMPUSDT - ERROR - [91mAn unexpected error occurred: 'TradingAnalyzer' object has no attribute 'atr_value'. Retrying in 5 seconds...[0m
Traceback (most recent call last):
  File "/data/data/com.termux/files/home/Algobots/12/whalebot.py", line 1268, in main
    analyzer = TradingAnalyzer(df, CONFIG, symbol_logger, symbol, interval)
               ^^^^^^^^^^^^^^^^^^^^^^^^^^^^^^^^^^^^^^^^^^^^^^^^^^^^^^^^^^^^
  File "/data/data/com.termux/files/home/Algobots/12/whalebot.py", line 316, in __init__
    self.user_defined_weights = self._select_weight_set() # Dynamically selected weights
                                ^^^^^^^^^^^^^^^^^^^^^^^^^
  File "/data/data/com.termux/files/home/Algobots/12/whalebot.py", line 343, in _select_weight_set
    if self.atr_value > self.config["atr_change_threshold"]:
       ^^^^^^^^^^^^^^
AttributeError: 'TradingAnalyzer' object has no attribute 'atr_value'
2025-08-18 03:03:25,365 - TRUMPUSDT - ERROR - [91mAn unexpected error occurred: 'TradingAnalyzer' object has no attribute 'atr_value'. Retrying in 5 seconds...[0m
Traceback (most recent call last):
  File "/data/data/com.termux/files/home/Algobots/12/whalebot.py", line 1268, in main
    analyzer = TradingAnalyzer(df, CONFIG, symbol_logger, symbol, interval)
               ^^^^^^^^^^^^^^^^^^^^^^^^^^^^^^^^^^^^^^^^^^^^^^^^^^^^^^^^^^^^
  File "/data/data/com.termux/files/home/Algobots/12/whalebot.py", line 316, in __init__
    self.user_defined_weights = self._select_weight_set() # Dynamically selected weights
                                ^^^^^^^^^^^^^^^^^^^^^^^^^
  File "/data/data/com.termux/files/home/Algobots/12/whalebot.py", line 343, in _select_weight_set
    if self.atr_value > self.config["atr_change_threshold"]:
       ^^^^^^^^^^^^^^
AttributeError: 'TradingAnalyzer' object has no attribute 'atr_value'
2025-08-18 03:03:32,611 - TRUMPUSDT - ERROR - [91mAn unexpected error occurred: 'TradingAnalyzer' object has no attribute 'atr_value'. Retrying in 5 seconds...[0m
Traceback (most recent call last):
  File "/data/data/com.termux/files/home/Algobots/12/whalebot.py", line 1268, in main
    analyzer = TradingAnalyzer(df, CONFIG, symbol_logger, symbol, interval)
               ^^^^^^^^^^^^^^^^^^^^^^^^^^^^^^^^^^^^^^^^^^^^^^^^^^^^^^^^^^^^
  File "/data/data/com.termux/files/home/Algobots/12/whalebot.py", line 316, in __init__
    self.user_defined_weights = self._select_weight_set() # Dynamically selected weights
                                ^^^^^^^^^^^^^^^^^^^^^^^^^
  File "/data/data/com.termux/files/home/Algobots/12/whalebot.py", line 343, in _select_weight_set
    if self.atr_value > self.config["atr_change_threshold"]:
       ^^^^^^^^^^^^^^
AttributeError: 'TradingAnalyzer' object has no attribute 'atr_value'
2025-08-18 03:03:39,180 - TRUMPUSDT - ERROR - [91mAn unexpected error occurred: 'TradingAnalyzer' object has no attribute 'atr_value'. Retrying in 5 seconds...[0m
Traceback (most recent call last):
  File "/data/data/com.termux/files/home/Algobots/12/whalebot.py", line 1268, in main
    analyzer = TradingAnalyzer(df, CONFIG, symbol_logger, symbol, interval)
               ^^^^^^^^^^^^^^^^^^^^^^^^^^^^^^^^^^^^^^^^^^^^^^^^^^^^^^^^^^^^
  File "/data/data/com.termux/files/home/Algobots/12/whalebot.py", line 316, in __init__
    self.user_defined_weights = self._select_weight_set() # Dynamically selected weights
                                ^^^^^^^^^^^^^^^^^^^^^^^^^
  File "/data/data/com.termux/files/home/Algobots/12/whalebot.py", line 343, in _select_weight_set
    if self.atr_value > self.config["atr_change_threshold"]:
       ^^^^^^^^^^^^^^
AttributeError: 'TradingAnalyzer' object has no attribute 'atr_value'
2025-08-18 03:03:46,419 - TRUMPUSDT - ERROR - [91mAn unexpected error occurred: 'TradingAnalyzer' object has no attribute 'atr_value'. Retrying in 5 seconds...[0m
Traceback (most recent call last):
  File "/data/data/com.termux/files/home/Algobots/12/whalebot.py", line 1268, in main
    analyzer = TradingAnalyzer(df, CONFIG, symbol_logger, symbol, interval)
               ^^^^^^^^^^^^^^^^^^^^^^^^^^^^^^^^^^^^^^^^^^^^^^^^^^^^^^^^^^^^
  File "/data/data/com.termux/files/home/Algobots/12/whalebot.py", line 316, in __init__
    self.user_defined_weights = self._select_weight_set() # Dynamically selected weights
                                ^^^^^^^^^^^^^^^^^^^^^^^^^
  File "/data/data/com.termux/files/home/Algobots/12/whalebot.py", line 343, in _select_weight_set
    if self.atr_value > self.config["atr_change_threshold"]:
       ^^^^^^^^^^^^^^
AttributeError: 'TradingAnalyzer' object has no attribute 'atr_value'
2025-08-18 03:03:53,043 - TRUMPUSDT - ERROR - [91mAn unexpected error occurred: 'TradingAnalyzer' object has no attribute 'atr_value'. Retrying in 5 seconds...[0m
Traceback (most recent call last):
  File "/data/data/com.termux/files/home/Algobots/12/whalebot.py", line 1268, in main
    analyzer = TradingAnalyzer(df, CONFIG, symbol_logger, symbol, interval)
               ^^^^^^^^^^^^^^^^^^^^^^^^^^^^^^^^^^^^^^^^^^^^^^^^^^^^^^^^^^^^
  File "/data/data/com.termux/files/home/Algobots/12/whalebot.py", line 316, in __init__
    self.user_defined_weights = self._select_weight_set() # Dynamically selected weights
                                ^^^^^^^^^^^^^^^^^^^^^^^^^
  File "/data/data/com.termux/files/home/Algobots/12/whalebot.py", line 343, in _select_weight_set
    if self.atr_value > self.config["atr_change_threshold"]:
       ^^^^^^^^^^^^^^
AttributeError: 'TradingAnalyzer' object has no attribute 'atr_value'
2025-08-18 03:04:00,343 - TRUMPUSDT - ERROR - [91mAn unexpected error occurred: 'TradingAnalyzer' object has no attribute 'atr_value'. Retrying in 5 seconds...[0m
Traceback (most recent call last):
  File "/data/data/com.termux/files/home/Algobots/12/whalebot.py", line 1268, in main
    analyzer = TradingAnalyzer(df, CONFIG, symbol_logger, symbol, interval)
               ^^^^^^^^^^^^^^^^^^^^^^^^^^^^^^^^^^^^^^^^^^^^^^^^^^^^^^^^^^^^
  File "/data/data/com.termux/files/home/Algobots/12/whalebot.py", line 316, in __init__
    self.user_defined_weights = self._select_weight_set() # Dynamically selected weights
                                ^^^^^^^^^^^^^^^^^^^^^^^^^
  File "/data/data/com.termux/files/home/Algobots/12/whalebot.py", line 343, in _select_weight_set
    if self.atr_value > self.config["atr_change_threshold"]:
       ^^^^^^^^^^^^^^
AttributeError: 'TradingAnalyzer' object has no attribute 'atr_value'
2025-08-18 03:04:06,889 - TRUMPUSDT - ERROR - [91mAn unexpected error occurred: 'TradingAnalyzer' object has no attribute 'atr_value'. Retrying in 5 seconds...[0m
Traceback (most recent call last):
  File "/data/data/com.termux/files/home/Algobots/12/whalebot.py", line 1268, in main
    analyzer = TradingAnalyzer(df, CONFIG, symbol_logger, symbol, interval)
               ^^^^^^^^^^^^^^^^^^^^^^^^^^^^^^^^^^^^^^^^^^^^^^^^^^^^^^^^^^^^
  File "/data/data/com.termux/files/home/Algobots/12/whalebot.py", line 316, in __init__
    self.user_defined_weights = self._select_weight_set() # Dynamically selected weights
                                ^^^^^^^^^^^^^^^^^^^^^^^^^
  File "/data/data/com.termux/files/home/Algobots/12/whalebot.py", line 343, in _select_weight_set
    if self.atr_value > self.config["atr_change_threshold"]:
       ^^^^^^^^^^^^^^
AttributeError: 'TradingAnalyzer' object has no attribute 'atr_value'
2025-08-18 03:04:14,530 - TRUMPUSDT - ERROR - [91mAn unexpected error occurred: 'TradingAnalyzer' object has no attribute 'atr_value'. Retrying in 5 seconds...[0m
Traceback (most recent call last):
  File "/data/data/com.termux/files/home/Algobots/12/whalebot.py", line 1268, in main
    analyzer = TradingAnalyzer(df, CONFIG, symbol_logger, symbol, interval)
               ^^^^^^^^^^^^^^^^^^^^^^^^^^^^^^^^^^^^^^^^^^^^^^^^^^^^^^^^^^^^
  File "/data/data/com.termux/files/home/Algobots/12/whalebot.py", line 316, in __init__
    self.user_defined_weights = self._select_weight_set() # Dynamically selected weights
                                ^^^^^^^^^^^^^^^^^^^^^^^^^
  File "/data/data/com.termux/files/home/Algobots/12/whalebot.py", line 343, in _select_weight_set
    if self.atr_value > self.config["atr_change_threshold"]:
       ^^^^^^^^^^^^^^
AttributeError: 'TradingAnalyzer' object has no attribute 'atr_value'
