2025-10-30 16:53:25,539 - TradingBot - INFO - Strategy 'DefaultStrategy' parameters updated.
2025-10-30 16:53:25,539 - TradingBot - INFO - Successfully loaded strategy: DefaultStrategy
2025-10-30 16:53:25,539 - TradingBot - INFO - Starting bot...
2025-10-30 16:53:25,540 - TradingBot - INFO - Running trading logic...
2025-10-30 16:53:27,507 - TradingBot - CRITICAL - An unhandled exception occurred during bot execution: 'DataFrame' object has no attribute 'ta'
Traceback (most recent call last):
  File "/data/data/com.termux/files/home/Algobots/whalebot/main.py", line 168, in main
    await bot.start()
  File "/data/data/com.termux/files/home/Algobots/whalebot/bybit_trading_bot.py", line 110, in start
    await self.trading_logic()
  File "/data/data/com.termux/files/home/Algobots/whalebot/bybit_trading_bot.py", line 95, in trading_logic
    current_kline_data = self.strategy.calculate_indicators(current_kline_data)
                         ^^^^^^^^^^^^^^^^^^^^^^^^^^^^^^^^^^^^^^^^^^^^^^^^^^^^^^
  File "/data/data/com.termux/files/home/Algobots/whalebot/default_strategy.py", line 22, in calculate_indicators
    df.ta.ema(
    ^^^^^
  File "/data/data/com.termux/files/usr/lib/python3.12/site-packages/pandas/core/generic.py", line 6321, in __getattr__
    return object.__getattribute__(self, name)
           ^^^^^^^^^^^^^^^^^^^^^^^^^^^^^^^^^^^
AttributeError: 'DataFrame' object has no attribute 'ta'
2025-12-09 01:39:37,721 - TradingBot - INFO - Strategy 'DefaultStrategy' parameters updated.
2025-12-09 01:39:37,723 - TradingBot - INFO - Successfully loaded strategy: DefaultStrategy
2025-12-09 01:39:37,724 - TradingBot - INFO - Starting bot...
2025-12-09 01:39:37,724 - TradingBot - INFO - Running trading logic...
2025-12-09 01:39:43,711 - TradingBot - INFO - Shutting down bot...
